DEBUG main io.netty.util.internal.logging.InternalLoggerFactory - Using Log4J as the default logging framework
DEBUG main io.netty.util.internal.PlatformDependent - -Dio.netty.noUnsafe: false
DEBUG main io.netty.util.internal.PlatformDependent0 - java.nio.Buffer.address: available
DEBUG main io.netty.util.internal.PlatformDependent0 - sun.misc.Unsafe.theUnsafe: available
DEBUG main io.netty.util.internal.PlatformDependent0 - sun.misc.Unsafe.copyMemory: available
DEBUG main io.netty.util.internal.PlatformDependent0 - direct buffer constructor: available
DEBUG main io.netty.util.internal.PlatformDependent0 - java.nio.Bits.unaligned: available, true
DEBUG main io.netty.util.internal.PlatformDependent0 - java.nio.DirectByteBuffer.<init>(long, int): available
DEBUG main io.netty.util.internal.Cleaner0 - java.nio.ByteBuffer.cleaner(): available
DEBUG main io.netty.util.internal.PlatformDependent - Java version: 8
DEBUG main io.netty.util.internal.PlatformDependent - sun.misc.Unsafe: available
DEBUG main io.netty.util.internal.PlatformDependent - -Dio.netty.noJavassist: false
DEBUG main io.netty.util.internal.PlatformDependent - Javassist: unavailable
DEBUG main io.netty.util.internal.PlatformDependent - You don't have Javassist in your class path or you don't have enough permission to load dynamically generated classes.  Please check the configuration for better performance.
DEBUG main io.netty.util.internal.PlatformDependent - -Dio.netty.tmpdir: /var/folders/11/1thmg8jd64jc4v8x9qp8pvpr0000gn/T (java.io.tmpdir)
DEBUG main io.netty.util.internal.PlatformDependent - -Dio.netty.bitMode: 64 (sun.arch.data.model)
DEBUG main io.netty.util.internal.PlatformDependent - -Dio.netty.noPreferDirect: false
DEBUG main io.netty.util.internal.PlatformDependent - io.netty.maxDirectMemory: 1908932608 bytes
 INFO main ContractClassLoader - add contract class name cn.hyperchain.jcee.contract.examples.c2.ReloadableContract
 INFO main ContractClassLoader - add contract class name cn.hyperchain.jcee.contract.examples.c2.ImplicitClass
 INFO main TestContractClassLoader - cn.hyperchain.jcee.contract.examples.c2.ReloadableContract
 INFO main ContractClassLoader - add contract class name cn.hyperchain.jcee.contract.examples.c2.A1
 INFO main TestContractClassLoader - ImplicitClass id is 2 and A1 id is 2
 INFO main ContractClassLoader - add contract class name cn.hyperchain.jcee.contract.examples.c2.ReloadableContract
 INFO main ContractClassLoader - add contract class name cn.hyperchain.jcee.contract.examples.c2.ImplicitClass
 INFO main TestContractClassLoader - cn.hyperchain.jcee.contract.examples.c2.ReloadableContract
 INFO main ContractClassLoader - add contract class name cn.hyperchain.jcee.contract.examples.c2.A1
 INFO main TestContractClassLoader - ImplicitClass id is 2 and A1 id is 2
DEBUG main Handler - ContractInfo{name='SimulateBank', id='cid0001', owner='0xx', contractPath='/Users/gary/gopath/src/hyperchain/core/vm/jcee/java/target/test-classes/contracts', classPrefix='cn.hyperchain.jcee.contract.examples.sb', createTime=1493188029121, modifyTime=1493188029121}
DEBUG main ContractManager - contract info, ContractInfo{name='SimulateBank', id='cid0001', owner='0xx', contractPath='/Users/gary/gopath/src/hyperchain/core/vm/jcee/java/target/test-classes/contracts', classPrefix='cn.hyperchain.jcee.contract.examples.sb', createTime=1493188029121, modifyTime=1493188029121}
 INFO main ContractClassLoader - add contract class name cn.hyperchain.jcee.contract.examples.sb.SimulateBank
 INFO main ContractManager - register contract with id: cid0001
DEBUG main ContractManager - {cid0001=cn.hyperchain.jcee.contract.ContractHolder@6df97b55}
DEBUG main ContractManager - cid is cid0001
 INFO main ContractClassLoader - add contract class name cn.hyperchain.jcee.contract.examples.c2.ReloadableContract
 INFO main ContractClassLoader - add contract class name cn.hyperchain.jcee.contract.examples.c2.ImplicitClass
 INFO main TestContractClassLoader - cn.hyperchain.jcee.contract.examples.c2.ReloadableContract
 INFO main ContractClassLoader - add contract class name cn.hyperchain.jcee.contract.examples.c2.A1
 INFO main TestContractClassLoader - ImplicitClass id is 2 and A1 id is 2
 INFO main ContractClassLoader - add contract class name cn.hyperchain.jcee.contract.examples.c2.ReloadableContract
 INFO main ContractClassLoader - add contract class name cn.hyperchain.jcee.contract.examples.c2.ImplicitClass
 INFO main TestContractClassLoader - cn.hyperchain.jcee.contract.examples.c2.ReloadableContract
 INFO main ContractClassLoader - add contract class name cn.hyperchain.jcee.contract.examples.c2.A1
 INFO main TestContractClassLoader - ImplicitClass id is 2 and A1 id is 2
 INFO main ContractClassLoader - add contract class name cn.hyperchain.jcee.contract.examples.sb.SimulateBank
 INFO main ContractManager - register contract with id: cid0001
 INFO main ContractClassLoader - add contract class name cn.hyperchain.jcee.contract.examples.sb.SimulateBank
 INFO main ContractManager - register contract with id: cid0001
 INFO main ContractClassLoader - add contract class name cn.hyperchain.jcee.contract.examples.c2.ReloadableContract
 INFO main ContractClassLoader - add contract class name cn.hyperchain.jcee.contract.examples.c2.ImplicitClass
 INFO main TestContractClassLoader - cn.hyperchain.jcee.contract.examples.c2.ReloadableContract
 INFO main ContractClassLoader - add contract class name cn.hyperchain.jcee.contract.examples.c2.A1
 INFO main TestContractClassLoader - ImplicitClass id is 2 and A1 id is 2
 INFO main ContractClassLoader - add contract class name cn.hyperchain.jcee.contract.examples.c2.ReloadableContract
 INFO main ContractClassLoader - add contract class name cn.hyperchain.jcee.contract.examples.c2.ImplicitClass
 INFO main TestContractClassLoader - cn.hyperchain.jcee.contract.examples.c2.ReloadableContract
 INFO main ContractClassLoader - add contract class name cn.hyperchain.jcee.contract.examples.c2.A1
 INFO main TestContractClassLoader - ImplicitClass id is 2 and A1 id is 2
 INFO main ContractClassLoader - add contract class name cn.hyperchain.jcee.contract.examples.sb.SimulateBank
 INFO main ContractManager - register contract with id: cid0001
 INFO main ContractClassLoader - add contract class name cn.hyperchain.jcee.contract.examples.sb.SimulateBank
 INFO main ContractManager - register contract with id: cid0001
 INFO main ContractClassLoader - add contract class name cn.hyperchain.jcee.contract.examples.c2.ReloadableContract
 INFO main ContractClassLoader - add contract class name cn.hyperchain.jcee.contract.examples.c2.ImplicitClass
 INFO main TestContractClassLoader - cn.hyperchain.jcee.contract.examples.c2.ReloadableContract
 INFO main ContractClassLoader - add contract class name cn.hyperchain.jcee.contract.examples.c2.A1
 INFO main TestContractClassLoader - ImplicitClass id is 2 and A1 id is 2
 INFO main ContractClassLoader - add contract class name cn.hyperchain.jcee.contract.examples.c2.ReloadableContract
 INFO main ContractClassLoader - add contract class name cn.hyperchain.jcee.contract.examples.c2.ImplicitClass
 INFO main TestContractClassLoader - cn.hyperchain.jcee.contract.examples.c2.ReloadableContract
 INFO main ContractClassLoader - add contract class name cn.hyperchain.jcee.contract.examples.c2.A1
 INFO main TestContractClassLoader - ImplicitClass id is 2 and A1 id is 2
 INFO main ContractClassLoader - add contract class name cn.hyperchain.jcee.contract.examples.sb.SimulateBank
 INFO main ContractManager - register contract with id: cid0001
 INFO main ContractClassLoader - add contract class name cn.hyperchain.jcee.contract.examples.sb.SimulateBank
 INFO main ContractManager - register contract with id: cid0001
 INFO main ContractClassLoader - add contract class name cn.hyperchain.jcee.contract.examples.c2.ReloadableContract
 INFO main ContractClassLoader - add contract class name cn.hyperchain.jcee.contract.examples.c2.ImplicitClass
 INFO main TestContractClassLoader - cn.hyperchain.jcee.contract.examples.c2.ReloadableContract
 INFO main ContractClassLoader - add contract class name cn.hyperchain.jcee.contract.examples.c2.A1
 INFO main TestContractClassLoader - ImplicitClass id is 2 and A1 id is 2
 INFO main ContractClassLoader - add contract class name cn.hyperchain.jcee.contract.examples.c2.ReloadableContract
 INFO main ContractClassLoader - add contract class name cn.hyperchain.jcee.contract.examples.c2.ImplicitClass
 INFO main TestContractClassLoader - cn.hyperchain.jcee.contract.examples.c2.ReloadableContract
 INFO main ContractClassLoader - add contract class name cn.hyperchain.jcee.contract.examples.c2.A1
 INFO main TestContractClassLoader - ImplicitClass id is 2 and A1 id is 2
 INFO main ContractClassLoader - add contract class name cn.hyperchain.jcee.contract.examples.sb.SimulateBank
 INFO main ContractManager - register contract with id: cid0001
 INFO main ContractClassLoader - add contract class name cn.hyperchain.jcee.contract.examples.sb.SimulateBank
 INFO main ContractManager - register contract with id: cid0001
 INFO main ContractClassLoader - add contract class name cn.hyperchain.jcee.contract.examples.c2.ReloadableContract
 INFO main ContractClassLoader - add contract class name cn.hyperchain.jcee.contract.examples.c2.ImplicitClass
 INFO main TestContractClassLoader - cn.hyperchain.jcee.contract.examples.c2.ReloadableContract
 INFO main ContractClassLoader - add contract class name cn.hyperchain.jcee.contract.examples.c2.A1
 INFO main TestContractClassLoader - ImplicitClass id is 2 and A1 id is 2
 INFO main ContractClassLoader - add contract class name cn.hyperchain.jcee.contract.examples.c2.ReloadableContract
 INFO main ContractClassLoader - add contract class name cn.hyperchain.jcee.contract.examples.c2.ImplicitClass
 INFO main TestContractClassLoader - cn.hyperchain.jcee.contract.examples.c2.ReloadableContract
 INFO main ContractClassLoader - add contract class name cn.hyperchain.jcee.contract.examples.c2.A1
 INFO main TestContractClassLoader - ImplicitClass id is 2 and A1 id is 2
 INFO main ContractClassLoader - add contract class name cn.hyperchain.jcee.contract.examples.sb.SimulateBank
 INFO main ContractManager - register contract with id: cid0001
 INFO main ContractClassLoader - add contract class name cn.hyperchain.jcee.contract.examples.sb.SimulateBank
 INFO main ContractManager - register contract with id: cid0001
 INFO main ContractClassLoader - add contract class name cn.hyperchain.jcee.contract.examples.c2.ReloadableContract
 INFO main ContractClassLoader - add contract class name cn.hyperchain.jcee.contract.examples.c2.ImplicitClass
 INFO main TestContractClassLoader - cn.hyperchain.jcee.contract.examples.c2.ReloadableContract
 INFO main ContractClassLoader - add contract class name cn.hyperchain.jcee.contract.examples.c2.A1
 INFO main TestContractClassLoader - ImplicitClass id is 2 and A1 id is 2
 INFO main ContractClassLoader - add contract class name cn.hyperchain.jcee.contract.examples.c2.ReloadableContract
 INFO main ContractClassLoader - add contract class name cn.hyperchain.jcee.contract.examples.c2.ImplicitClass
 INFO main TestContractClassLoader - cn.hyperchain.jcee.contract.examples.c2.ReloadableContract
 INFO main ContractClassLoader - add contract class name cn.hyperchain.jcee.contract.examples.c2.A1
 INFO main TestContractClassLoader - ImplicitClass id is 2 and A1 id is 2
 INFO main ContractClassLoader - add contract class name cn.hyperchain.jcee.contract.examples.sb.SimulateBank
 INFO main ContractManager - register contract with id: cid0001
 INFO main ContractClassLoader - add contract class name cn.hyperchain.jcee.contract.examples.sb.SimulateBank
 INFO main ContractManager - register contract with id: cid0001
 INFO main ContractClassLoader - add contract class name cn.hyperchain.jcee.contract.examples.c2.ReloadableContract
 INFO main ContractClassLoader - add contract class name cn.hyperchain.jcee.contract.examples.c2.ImplicitClass
 INFO main TestContractClassLoader - cn.hyperchain.jcee.contract.examples.c2.ReloadableContract
 INFO main ContractClassLoader - add contract class name cn.hyperchain.jcee.contract.examples.c2.A1
 INFO main TestContractClassLoader - ImplicitClass id is 2 and A1 id is 2
 INFO main ContractClassLoader - add contract class name cn.hyperchain.jcee.contract.examples.c2.ReloadableContract
 INFO main ContractClassLoader - add contract class name cn.hyperchain.jcee.contract.examples.c2.ImplicitClass
 INFO main TestContractClassLoader - cn.hyperchain.jcee.contract.examples.c2.ReloadableContract
 INFO main ContractClassLoader - add contract class name cn.hyperchain.jcee.contract.examples.c2.A1
 INFO main TestContractClassLoader - ImplicitClass id is 2 and A1 id is 2
 INFO main ContractClassLoader - add contract class name cn.hyperchain.jcee.contract.examples.sb.SimulateBank
 INFO main ContractManager - register contract with id: cid0001
 INFO main ContractClassLoader - add contract class name cn.hyperchain.jcee.contract.examples.sb.SimulateBank
 INFO main ContractManager - register contract with id: cid0001
 INFO main ContractClassLoader - add contract class name cn.hyperchain.jcee.contract.examples.c2.ReloadableContract
 INFO main ContractClassLoader - add contract class name cn.hyperchain.jcee.contract.examples.c2.ImplicitClass
 INFO main TestContractClassLoader - cn.hyperchain.jcee.contract.examples.c2.ReloadableContract
 INFO main ContractClassLoader - add contract class name cn.hyperchain.jcee.contract.examples.c2.A1
 INFO main TestContractClassLoader - ImplicitClass id is 2 and A1 id is 2
 INFO main ContractClassLoader - add contract class name cn.hyperchain.jcee.contract.examples.c2.ReloadableContract
 INFO main ContractClassLoader - add contract class name cn.hyperchain.jcee.contract.examples.c2.ImplicitClass
 INFO main TestContractClassLoader - cn.hyperchain.jcee.contract.examples.c2.ReloadableContract
 INFO main ContractClassLoader - add contract class name cn.hyperchain.jcee.contract.examples.c2.A1
 INFO main TestContractClassLoader - ImplicitClass id is 2 and A1 id is 2
 INFO main ContractClassLoader - add contract class name cn.hyperchain.jcee.contract.examples.sb.SimulateBank
 INFO main ContractManager - register contract with id: cid0001
 INFO main ContractClassLoader - add contract class name cn.hyperchain.jcee.contract.examples.sb.SimulateBank
 INFO main ContractManager - register contract with id: cid0001
 INFO main ContractClassLoader - add contract class name cn.hyperchain.jcee.contract.examples.c2.ReloadableContract
 INFO main ContractClassLoader - add contract class name cn.hyperchain.jcee.contract.examples.c2.ImplicitClass
 INFO main TestContractClassLoader - cn.hyperchain.jcee.contract.examples.c2.ReloadableContract
 INFO main ContractClassLoader - add contract class name cn.hyperchain.jcee.contract.examples.c2.A1
 INFO main TestContractClassLoader - ImplicitClass id is 2 and A1 id is 2
 INFO main ContractClassLoader - add contract class name cn.hyperchain.jcee.contract.examples.c2.ReloadableContract
 INFO main ContractClassLoader - add contract class name cn.hyperchain.jcee.contract.examples.c2.ImplicitClass
 INFO main TestContractClassLoader - cn.hyperchain.jcee.contract.examples.c2.ReloadableContract
 INFO main ContractClassLoader - add contract class name cn.hyperchain.jcee.contract.examples.c2.A1
 INFO main TestContractClassLoader - ImplicitClass id is 2 and A1 id is 2
 INFO main ContractClassLoader - add contract class name cn.hyperchain.jcee.contract.examples.sb.SimulateBank
 INFO main ContractManager - register contract with id: cid0001
 INFO main ContractClassLoader - add contract class name cn.hyperchain.jcee.contract.examples.sb.SimulateBank
 INFO main ContractManager - register contract with id: cid0001
 INFO main ContractClassLoader - add contract class name cn.hyperchain.jcee.contract.examples.c2.ReloadableContract
 INFO main ContractClassLoader - add contract class name cn.hyperchain.jcee.contract.examples.c2.ImplicitClass
 INFO main TestContractClassLoader - cn.hyperchain.jcee.contract.examples.c2.ReloadableContract
 INFO main ContractClassLoader - add contract class name cn.hyperchain.jcee.contract.examples.c2.A1
 INFO main TestContractClassLoader - ImplicitClass id is 2 and A1 id is 2
 INFO main ContractClassLoader - add contract class name cn.hyperchain.jcee.contract.examples.c2.ReloadableContract
 INFO main ContractClassLoader - add contract class name cn.hyperchain.jcee.contract.examples.c2.ImplicitClass
 INFO main TestContractClassLoader - cn.hyperchain.jcee.contract.examples.c2.ReloadableContract
 INFO main ContractClassLoader - add contract class name cn.hyperchain.jcee.contract.examples.c2.A1
 INFO main TestContractClassLoader - ImplicitClass id is 2 and A1 id is 2
 INFO main ContractClassLoader - add contract class name cn.hyperchain.jcee.contract.examples.sb.SimulateBank
 INFO main ContractManager - register contract with id: cid0001
 INFO main ContractClassLoader - add contract class name cn.hyperchain.jcee.contract.examples.sb.SimulateBank
 INFO main ContractManager - register contract with id: cid0001
 INFO main ContractClassLoader - add contract class name cn.hyperchain.jcee.contract.examples.c2.ReloadableContract
 INFO main ContractClassLoader - add contract class name cn.hyperchain.jcee.contract.examples.c2.ImplicitClass
 INFO main TestContractClassLoader - cn.hyperchain.jcee.contract.examples.c2.ReloadableContract
 INFO main ContractClassLoader - add contract class name cn.hyperchain.jcee.contract.examples.c2.A1
 INFO main TestContractClassLoader - ImplicitClass id is 2 and A1 id is 2
 INFO main ContractClassLoader - add contract class name cn.hyperchain.jcee.contract.examples.c2.ReloadableContract
 INFO main ContractClassLoader - add contract class name cn.hyperchain.jcee.contract.examples.c2.ImplicitClass
 INFO main TestContractClassLoader - cn.hyperchain.jcee.contract.examples.c2.ReloadableContract
 INFO main ContractClassLoader - add contract class name cn.hyperchain.jcee.contract.examples.c2.A1
 INFO main TestContractClassLoader - ImplicitClass id is 2 and A1 id is 2
 INFO main ContractClassLoader - add contract class name cn.hyperchain.jcee.contract.examples.sb.SimulateBank
 INFO main ContractManager - register contract with id: cid0001
 INFO main ContractClassLoader - add contract class name cn.hyperchain.jcee.contract.examples.sb.SimulateBank
 INFO main ContractManager - register contract with id: cid0001
 INFO main ContractClassLoader - add contract class name cn.hyperchain.jcee.contract.examples.c2.ReloadableContract
 INFO main ContractClassLoader - add contract class name cn.hyperchain.jcee.contract.examples.c2.ImplicitClass
 INFO main TestContractClassLoader - cn.hyperchain.jcee.contract.examples.c2.ReloadableContract
 INFO main ContractClassLoader - add contract class name cn.hyperchain.jcee.contract.examples.c2.A1
 INFO main TestContractClassLoader - ImplicitClass id is 2 and A1 id is 2
 INFO main ContractClassLoader - add contract class name cn.hyperchain.jcee.contract.examples.c2.ReloadableContract
 INFO main ContractClassLoader - add contract class name cn.hyperchain.jcee.contract.examples.c2.ImplicitClass
 INFO main TestContractClassLoader - cn.hyperchain.jcee.contract.examples.c2.ReloadableContract
 INFO main ContractClassLoader - add contract class name cn.hyperchain.jcee.contract.examples.c2.A1
 INFO main TestContractClassLoader - ImplicitClass id is 2 and A1 id is 2
 INFO main ContractClassLoader - add contract class name cn.hyperchain.jcee.contract.examples.sb.SimulateBank
 INFO main ContractManager - register contract with id: cid0001
 INFO main ContractClassLoader - add contract class name cn.hyperchain.jcee.contract.examples.sb.SimulateBank
 INFO main ContractManager - register contract with id: cid0001
 INFO main ContractClassLoader - add contract class name cn.hyperchain.jcee.contract.examples.c2.ReloadableContract
 INFO main ContractClassLoader - add contract class name cn.hyperchain.jcee.contract.examples.c2.ImplicitClass
 INFO main TestContractClassLoader - cn.hyperchain.jcee.contract.examples.c2.ReloadableContract
 INFO main ContractClassLoader - add contract class name cn.hyperchain.jcee.contract.examples.c2.A1
 INFO main TestContractClassLoader - ImplicitClass id is 2 and A1 id is 2
 INFO main ContractClassLoader - add contract class name cn.hyperchain.jcee.contract.examples.c2.ReloadableContract
 INFO main ContractClassLoader - add contract class name cn.hyperchain.jcee.contract.examples.c2.ImplicitClass
 INFO main TestContractClassLoader - cn.hyperchain.jcee.contract.examples.c2.ReloadableContract
 INFO main ContractClassLoader - add contract class name cn.hyperchain.jcee.contract.examples.c2.A1
 INFO main TestContractClassLoader - ImplicitClass id is 2 and A1 id is 2
 INFO main ContractClassLoader - add contract class name cn.hyperchain.jcee.contract.examples.sb.SimulateBank
 INFO main ContractManager - register contract with id: cid0001
 INFO main ContractClassLoader - add contract class name cn.hyperchain.jcee.contract.examples.sb.SimulateBank
 INFO main ContractManager - register contract with id: cid0001
 INFO main ContractClassLoader - add contract class name cn.hyperchain.jcee.contract.examples.c2.ReloadableContract
 INFO main ContractClassLoader - add contract class name cn.hyperchain.jcee.contract.examples.c2.ImplicitClass
 INFO main TestContractClassLoader - cn.hyperchain.jcee.contract.examples.c2.ReloadableContract
 INFO main ContractClassLoader - add contract class name cn.hyperchain.jcee.contract.examples.c2.A1
 INFO main TestContractClassLoader - ImplicitClass id is 2 and A1 id is 2
 INFO main ContractClassLoader - add contract class name cn.hyperchain.jcee.contract.examples.c2.ReloadableContract
 INFO main ContractClassLoader - add contract class name cn.hyperchain.jcee.contract.examples.c2.ImplicitClass
 INFO main TestContractClassLoader - cn.hyperchain.jcee.contract.examples.c2.ReloadableContract
 INFO main ContractClassLoader - add contract class name cn.hyperchain.jcee.contract.examples.c2.A1
 INFO main TestContractClassLoader - ImplicitClass id is 2 and A1 id is 2
 INFO main ContractClassLoader - add contract class name cn.hyperchain.jcee.contract.examples.sb.SimulateBank
 INFO main ContractManager - register contract with id: cid0001
 INFO main ContractClassLoader - add contract class name cn.hyperchain.jcee.contract.examples.sb.SimulateBank
 INFO main ContractManager - register contract with id: cid0001
 INFO main ContractClassLoader - add contract class name cn.hyperchain.jcee.contract.examples.c2.ReloadableContract
 INFO main ContractClassLoader - add contract class name cn.hyperchain.jcee.contract.examples.c2.ImplicitClass
 INFO main TestContractClassLoader - cn.hyperchain.jcee.contract.examples.c2.ReloadableContract
 INFO main ContractClassLoader - add contract class name cn.hyperchain.jcee.contract.examples.c2.A1
 INFO main TestContractClassLoader - ImplicitClass id is 2 and A1 id is 2
 INFO main ContractClassLoader - add contract class name cn.hyperchain.jcee.contract.examples.c2.ReloadableContract
 INFO main ContractClassLoader - add contract class name cn.hyperchain.jcee.contract.examples.c2.ImplicitClass
 INFO main TestContractClassLoader - cn.hyperchain.jcee.contract.examples.c2.ReloadableContract
 INFO main ContractClassLoader - add contract class name cn.hyperchain.jcee.contract.examples.c2.A1
 INFO main TestContractClassLoader - ImplicitClass id is 2 and A1 id is 2
 INFO main ContractClassLoader - add contract class name cn.hyperchain.jcee.contract.examples.sb.SimulateBank
 INFO main ContractManager - register contract with id: cid0001
 INFO main ContractClassLoader - add contract class name cn.hyperchain.jcee.contract.examples.sb.SimulateBank
 INFO main ContractManager - register contract with id: cid0001
 INFO main ContractClassLoader - add contract class name cn.hyperchain.jcee.contract.examples.c2.ReloadableContract
 INFO main ContractClassLoader - add contract class name cn.hyperchain.jcee.contract.examples.c2.ImplicitClass
 INFO main TestContractClassLoader - cn.hyperchain.jcee.contract.examples.c2.ReloadableContract
 INFO main ContractClassLoader - add contract class name cn.hyperchain.jcee.contract.examples.c2.A1
 INFO main TestContractClassLoader - ImplicitClass id is 2 and A1 id is 2
 INFO main ContractClassLoader - add contract class name cn.hyperchain.jcee.contract.examples.c2.ReloadableContract
 INFO main ContractClassLoader - add contract class name cn.hyperchain.jcee.contract.examples.c2.ImplicitClass
 INFO main TestContractClassLoader - cn.hyperchain.jcee.contract.examples.c2.ReloadableContract
 INFO main ContractClassLoader - add contract class name cn.hyperchain.jcee.contract.examples.c2.A1
 INFO main TestContractClassLoader - ImplicitClass id is 2 and A1 id is 2
 INFO main ContractClassLoader - add contract class name cn.hyperchain.jcee.contract.examples.sb.SimulateBank
 INFO main ContractManager - register contract with id: cid0001
 INFO main ContractClassLoader - add contract class name cn.hyperchain.jcee.contract.examples.sb.SimulateBank
 INFO main ContractManager - register contract with id: cid0001
